<?xml version="1.0" encoding="UTF-8"?>
<!-- Generated by org.testng.reporters.JUnitReportReporter -->
<testsuite skipped="0" hostname="DESKTOP-QK46S2F" name="maven.selenium.testng.project.MavenScript" tests="1" failures="0" timestamp="2023-06-13T00:11:05 BST" time="11.001" errors="0">
  <testcase name="test" time="11.001" classname="maven.selenium.testng.project.MavenScript"/>
  <system-out/>
</testsuite> <!-- maven.selenium.testng.project.MavenScript -->
